2026-07-12 23:54:14,664 - simulator - INFO - ============================================================
2026-07-12 23:54:14,665 - simulator - INFO - CamGuard Enterprise Dynamic Telemetry Simulator
2026-07-12 23:54:14,665 - simulator - INFO - Target API: http://localhost:5000
2026-07-12 23:54:14,665 - simulator - INFO - Status: Spawning camera threads based on settings...
2026-07-12 23:54:14,666 - simulator - INFO - ============================================================
2026-07-12 23:54:16,842 - simulator - INFO - [+] Starting camera simulation for CAM-002
2026-07-12 23:54:16,845 - simulator - ERROR - [CAM-002] FAULT: Network Interface Failure | CPU:  96.4% | MEM:  85.7% | STO:  41.5% | LAT:  558.1ms
2026-07-12 23:54:17,045 - simulator - INFO - [+] Starting camera simulation for CAM-001
2026-07-12 23:54:17,047 - simulator - INFO - [CAM-001] ONLINE | CPU:  33.6% | MEM:  31.0% | STO:  44.0% | LAT:    7.8ms
2026-07-12 23:54:18,973 - simulator - WARNING - [CAM-002] 2 new alert(s) generated by API!
2026-07-12 23:54:48,987 - simulator - WARNING - [CAM-002] WARNING | CPU:  95.0% | MEM:  88.1% | STO:  41.4% | LAT:  150.0ms
2026-07-12 23:54:49,155 - simulator - INFO - [CAM-001] ONLINE | CPU:  30.2% | MEM:  33.4% | STO:  43.5% | LAT:    5.0ms
2026-07-12 23:55:06,651 - simulator - INFO - [+] Starting camera simulation for CAM-004
2026-07-12 23:55:06,657 - simulator - INFO - [CAM-004] ONLINE | CPU:  35.6% | MEM:  39.0% | STO:  52.7% | LAT:    9.9ms
2026-07-12 23:55:06,857 - simulator - INFO - [+] Starting camera simulation for CAM-003
2026-07-12 23:55:06,859 - simulator - INFO - [CAM-003] ONLINE | CPU:  40.7% | MEM:  53.0% | STO:  36.7% | LAT:   11.3ms
2026-07-12 23:55:07,060 - simulator - INFO - [+] Starting camera simulation for CAM-007
2026-07-12 23:55:07,061 - simulator - INFO - [CAM-007] ONLINE | CPU:  40.1% | MEM:  36.8% | STO:  38.4% | LAT:   15.6ms
2026-07-12 23:55:07,262 - simulator - INFO - [+] Starting camera simulation for CAM-005
2026-07-12 23:55:07,263 - simulator - WARNING - [CAM-005] OFFLINE | CPU:   0.0% | MEM:   0.0% | STO:   0.0% | LAT:    0.0ms
2026-07-12 23:55:07,464 - simulator - INFO - [+] Starting camera simulation for CAM-006
2026-07-12 23:55:07,465 - simulator - INFO - [CAM-006] ONLINE | CPU:  41.0% | MEM:  40.9% | STO:  56.0% | LAT:   29.0ms
2026-07-12 23:55:09,380 - simulator - WARNING - [CAM-005] 1 new alert(s) generated by API!
2026-07-12 23:55:21,090 - simulator - WARNING - [CAM-002] WARNING | CPU:  94.2% | MEM:  89.6% | STO:  42.8% | LAT:  150.0ms
2026-07-12 23:55:21,295 - simulator - INFO - [CAM-001] ONLINE | CPU:  25.8% | MEM:  33.0% | STO:  46.3% | LAT:   13.6ms
2026-07-12 23:55:28,859 - simulator - INFO - [-] Stopping camera simulation for CAM-004
2026-07-12 23:55:29,805 - simulator - INFO - [-] Stopping camera simulation for CAM-007
2026-07-12 23:55:30,197 - simulator - INFO - [-] Stopping camera simulation for CAM-005
2026-07-12 23:55:30,390 - simulator - INFO - [-] Stopping camera simulation for CAM-006
2026-07-12 23:55:39,010 - simulator - INFO - [CAM-003] ONLINE | CPU:  46.4% | MEM:  54.7% | STO:  36.7% | LAT:   20.2ms
2026-07-12 23:55:53,215 - simulator - WARNING - [CAM-002] WARNING | CPU:  95.0% | MEM:  91.9% | STO:  42.1% | LAT:  149.7ms
2026-07-12 23:55:53,393 - simulator - INFO - [CAM-001] ONLINE | CPU:  21.4% | MEM:  30.3% | STO:  45.9% | LAT:   15.3ms
2026-07-12 23:56:11,133 - simulator - ERROR - [CAM-003] FAULT: Disk I/O Error | CPU:  86.8% | MEM:  90.9% | STO:  36.9% | LAT:  204.4ms
2026-07-12 23:56:13,236 - simulator - WARNING - [CAM-003] 4 new alert(s) generated by API!
2026-07-12 23:56:25,297 - simulator - WARNING - [CAM-002] WARNING | CPU:  95.0% | MEM:  94.8% | STO:  42.2% | LAT:  150.0ms
2026-07-12 23:56:25,483 - simulator - INFO - [CAM-001] ONLINE | CPU:  17.9% | MEM:  33.5% | STO:  43.6% | LAT:   24.5ms
2026-07-12 23:56:43,248 - simulator - WARNING - [CAM-003] WARNING | CPU:  81.8% | MEM:  91.0% | STO:  35.1% | LAT:  150.0ms
2026-07-12 23:56:57,436 - simulator - WARNING - [CAM-002] WARNING | CPU:  94.9% | MEM:  91.9% | STO:  40.6% | LAT:  139.2ms
2026-07-12 23:56:57,579 - simulator - INFO - [CAM-001] ONLINE | CPU:  18.3% | MEM:  36.2% | STO:  41.0% | LAT:   26.3ms
2026-07-12 23:57:15,364 - simulator - WARNING - [CAM-003] WARNING | CPU:  86.7% | MEM:  91.6% | STO:  36.3% | LAT:  150.0ms
2026-07-12 23:57:29,561 - simulator - WARNING - [CAM-002] WARNING | CPU:  89.0% | MEM:  92.0% | STO:  38.8% | LAT:  131.9ms
2026-07-12 23:57:29,703 - simulator - INFO - [CAM-001] ONLINE | CPU:  22.2% | MEM:  34.8% | STO:  43.2% | LAT:   32.2ms
2026-07-12 23:57:47,476 - simulator - WARNING - [CAM-003] WARNING | CPU:  82.0% | MEM:  94.4% | STO:  34.6% | LAT:  141.3ms
2026-07-12 23:58:01,656 - simulator - WARNING - [CAM-002] WARNING | CPU:  89.8% | MEM:  89.5% | STO:  37.1% | LAT:  117.6ms
2026-07-12 23:58:01,804 - simulator - INFO - [CAM-001] ONLINE | CPU:  19.2% | MEM:  32.2% | STO:  43.6% | LAT:   45.1ms
2026-07-12 23:58:19,586 - simulator - WARNING - [CAM-003] WARNING | CPU:  86.0% | MEM:  95.0% | STO:  37.6% | LAT:  150.0ms
2026-07-12 23:58:33,768 - simulator - WARNING - [CAM-002] WARNING | CPU:  88.7% | MEM:  93.5% | STO:  35.0% | LAT:  125.7ms
2026-07-12 23:58:33,898 - simulator - INFO - [CAM-001] ONLINE | CPU:  23.4% | MEM:  35.0% | STO:  46.4% | LAT:   35.7ms
2026-07-12 23:58:51,685 - simulator - WARNING - [CAM-003] WARNING | CPU:  80.2% | MEM:  91.4% | STO:  40.0% | LAT:  150.0ms
2026-07-12 23:59:05,855 - simulator - WARNING - [CAM-002] WARNING | CPU:  85.4% | MEM:  92.4% | STO:  36.3% | LAT:  118.1ms
2026-07-12 23:59:06,023 - simulator - INFO - [CAM-001] ONLINE | CPU:  24.6% | MEM:  33.0% | STO:  47.5% | LAT:   42.8ms
2026-07-12 23:59:23,784 - simulator - WARNING - [CAM-003] WARNING | CPU:  83.2% | MEM:  93.8% | STO:  38.5% | LAT:  135.5ms
2026-07-12 23:59:37,981 - simulator - WARNING - [CAM-002] WARNING | CPU:  84.6% | MEM:  91.7% | STO:  33.5% | LAT:  130.7ms
2026-07-12 23:59:38,135 - simulator - INFO - [CAM-001] ONLINE | CPU:  25.9% | MEM:  31.4% | STO:  46.6% | LAT:   42.1ms
2026-07-12 23:59:55,900 - simulator - WARNING - [CAM-003] WARNING | CPU:  85.8% | MEM:  94.5% | STO:  39.2% | LAT:  137.2ms
2026-07-13 00:00:10,091 - simulator - WARNING - [CAM-002] WARNING | CPU:  79.0% | MEM:  94.9% | STO:  36.3% | LAT:  135.9ms
2026-07-13 00:00:10,256 - simulator - INFO - [CAM-001] ONLINE | CPU:  22.0% | MEM:  34.8% | STO:  48.2% | LAT:   48.8ms
2026-07-13 00:00:28,045 - simulator - WARNING - [CAM-003] WARNING | CPU:  87.1% | MEM:  95.0% | STO:  36.6% | LAT:  138.2ms
2026-07-13 00:00:42,229 - simulator - WARNING - [CAM-002] OFFLINE | CPU:   0.0% | MEM:   0.0% | STO:   0.0% | LAT:    0.0ms
2026-07-13 00:00:42,342 - simulator - INFO - [CAM-001] ONLINE | CPU:  26.4% | MEM:  32.5% | STO:  45.6% | LAT:   58.9ms
2026-07-13 00:00:44,346 - simulator - WARNING - [CAM-002] 1 new alert(s) generated by API!
2026-07-13 00:01:00,165 - simulator - WARNING - [CAM-003] WARNING | CPU:  83.3% | MEM:  93.1% | STO:  38.1% | LAT:  150.0ms
2026-07-13 00:01:14,378 - simulator - WARNING - [CAM-002] OFFLINE | CPU:   0.0% | MEM:   0.0% | STO:   0.0% | LAT:    0.0ms
2026-07-13 00:01:14,434 - simulator - INFO - [CAM-001] ONLINE | CPU:  22.0% | MEM:  32.6% | STO:  48.5% | LAT:   63.4ms
2026-07-13 00:01:32,271 - simulator - WARNING - [CAM-003] WARNING | CPU:  83.0% | MEM:  89.8% | STO:  40.0% | LAT:  150.0ms
2026-07-13 00:01:34,359 - simulator - WARNING - [CAM-003] 1 new alert(s) generated by API!
2026-07-13 00:01:46,480 - simulator - INFO - [CAM-002] ONLINE | CPU:  30.7% | MEM:  43.5% | STO:  57.4% | LAT:   26.3ms
2026-07-13 00:01:46,551 - simulator - INFO - [CAM-001] ONLINE | CPU:  18.0% | MEM:  31.8% | STO:  48.5% | LAT:   77.1ms
2026-07-13 00:02:04,374 - simulator - WARNING - [CAM-003] WARNING | CPU:  78.3% | MEM:  89.7% | STO:  37.8% | LAT:  150.0ms
2026-07-13 00:02:18,561 - simulator - INFO - [CAM-002] ONLINE | CPU:  28.7% | MEM:  39.6% | STO:  58.8% | LAT:   19.2ms
2026-07-13 00:02:18,658 - simulator - INFO - [CAM-001] ONLINE | CPU:  13.2% | MEM:  28.1% | STO:  47.1% | LAT:   62.7ms
2026-07-13 00:02:36,490 - simulator - WARNING - [CAM-003] WARNING | CPU:  72.9% | MEM:  87.6% | STO:  38.2% | LAT:  150.0ms
2026-07-13 00:02:50,663 - simulator - INFO - [CAM-002] ONLINE | CPU:  34.4% | MEM:  42.9% | STO:  59.4% | LAT:   31.0ms
2026-07-13 00:02:50,792 - simulator - INFO - [CAM-001] ONLINE | CPU:  13.6% | MEM:  30.3% | STO:  49.4% | LAT:   59.7ms
2026-07-13 00:03:08,611 - simulator - WARNING - [CAM-003] WARNING | CPU:  71.7% | MEM:  83.8% | STO:  36.4% | LAT:  137.6ms
2026-07-13 00:03:22,754 - simulator - INFO - [CAM-002] ONLINE | CPU:  32.9% | MEM:  46.7% | STO:  60.6% | LAT:   29.2ms
2026-07-13 00:03:22,896 - simulator - INFO - [CAM-001] ONLINE | CPU:  10.1% | MEM:  34.0% | STO:  49.8% | LAT:   48.0ms
2026-07-13 00:03:41,047 - simulator - WARNING - [CAM-003] WARNING | CPU:  77.0% | MEM:  82.5% | STO:  35.0% | LAT:  146.2ms
2026-07-13 00:03:43,152 - simulator - WARNING - [CAM-003] 1 new alert(s) generated by API!
2026-07-13 00:03:54,878 - simulator - INFO - [CAM-002] ONLINE | CPU:  30.8% | MEM:  47.2% | STO:  59.3% | LAT:   14.8ms
2026-07-13 00:03:55,044 - simulator - INFO - [CAM-001] ONLINE | CPU:  10.0% | MEM:  33.9% | STO:  50.0% | LAT:   60.9ms
2026-07-13 00:04:13,181 - simulator - WARNING - [CAM-003] WARNING | CPU:  81.4% | MEM:  80.6% | STO:  36.6% | LAT:  150.0ms
2026-07-13 00:04:27,023 - simulator - INFO - [CAM-002] ONLINE | CPU:  25.3% | MEM:  45.9% | STO:  56.6% | LAT:   14.5ms
2026-07-13 00:04:27,195 - simulator - INFO - [CAM-001] ONLINE | CPU:  14.9% | MEM:  33.7% | STO:  52.2% | LAT:   49.3ms
2026-07-13 00:04:45,327 - simulator - WARNING - [CAM-003] WARNING | CPU:  85.0% | MEM:  76.8% | STO:  38.5% | LAT:  147.9ms
2026-07-13 00:04:59,139 - simulator - INFO - [CAM-002] ONLINE | CPU:  24.5% | MEM:  45.8% | STO:  55.2% | LAT:    5.0ms
2026-07-13 00:04:59,304 - simulator - INFO - [CAM-001] ONLINE | CPU:  10.0% | MEM:  30.9% | STO:  49.3% | LAT:   52.9ms
2026-07-13 00:05:17,437 - simulator - WARNING - [CAM-003] WARNING | CPU:  87.1% | MEM:  77.9% | STO:  40.3% | LAT:  150.0ms
2026-07-13 00:05:31,251 - simulator - INFO - [CAM-002] ONLINE | CPU:  22.5% | MEM:  47.3% | STO:  54.2% | LAT:    7.4ms
2026-07-13 00:05:31,395 - simulator - INFO - [CAM-001] ONLINE | CPU:  13.3% | MEM:  31.6% | STO:  48.3% | LAT:   49.0ms
2026-07-13 00:05:49,543 - simulator - WARNING - [CAM-003] WARNING | CPU:  89.2% | MEM:  81.3% | STO:  40.7% | LAT:  150.0ms
2026-07-13 00:06:03,418 - simulator - INFO - [CAM-002] ONLINE | CPU:  19.9% | MEM:  46.1% | STO:  57.1% | LAT:    8.9ms
2026-07-13 00:06:03,638 - simulator - INFO - [CAM-001] ONLINE | CPU:  16.1% | MEM:  33.8% | STO:  50.0% | LAT:   42.2ms
2026-07-13 00:06:21,634 - simulator - WARNING - [CAM-003] WARNING | CPU:  83.4% | MEM:  82.4% | STO:  43.2% | LAT:  137.7ms
2026-07-13 00:06:35,514 - simulator - ERROR - [CAM-002] FAULT: Memory Corruption | CPU:  96.5% | MEM:  87.4% | STO:  54.2% | LAT:  242.0ms
2026-07-13 00:06:35,706 - simulator - INFO - [CAM-001] ONLINE | CPU:  14.5% | MEM:  30.2% | STO:  47.5% | LAT:   32.6ms
2026-07-13 00:06:37,626 - simulator - WARNING - [CAM-002] 4 new alert(s) generated by API!
2026-07-13 00:06:53,723 - simulator - WARNING - [CAM-003] WARNING | CPU:  79.0% | MEM:  85.1% | STO:  45.7% | LAT:  137.0ms
2026-07-13 00:07:07,637 - simulator - WARNING - [CAM-002] WARNING | CPU:  95.0% | MEM:  84.5% | STO:  54.6% | LAT:  150.0ms
2026-07-13 00:07:07,807 - simulator - INFO - [CAM-001] ONLINE | CPU:  19.7% | MEM:  26.4% | STO:  45.7% | LAT:   34.8ms
2026-07-13 00:07:25,797 - simulator - WARNING - [CAM-003] WARNING | CPU:  77.4% | MEM:  83.0% | STO:  47.7% | LAT:  143.6ms
2026-07-13 00:07:39,773 - simulator - WARNING - [CAM-002] WARNING | CPU:  95.0% | MEM:  84.0% | STO:  54.4% | LAT:  148.8ms
2026-07-13 00:07:39,907 - simulator - INFO - [CAM-001] ONLINE | CPU:  16.0% | MEM:  26.8% | STO:  43.5% | LAT:   37.6ms
2026-07-13 00:07:57,921 - simulator - WARNING - [CAM-003] WARNING | CPU:  81.4% | MEM:  85.3% | STO:  45.2% | LAT:  149.6ms
2026-07-13 00:08:11,860 - simulator - WARNING - [CAM-002] WARNING | CPU:  95.0% | MEM:  86.1% | STO:  51.7% | LAT:  150.0ms
2026-07-13 00:08:11,993 - simulator - INFO - [CAM-001] ONLINE | CPU:  11.8% | MEM:  23.1% | STO:  43.1% | LAT:   52.5ms
2026-07-13 00:08:30,031 - simulator - WARNING - [CAM-003] WARNING | CPU:  85.9% | MEM:  82.3% | STO:  43.6% | LAT:  138.7ms
2026-07-13 00:08:43,945 - simulator - WARNING - [CAM-002] WARNING | CPU:  92.5% | MEM:  89.9% | STO:  49.1% | LAT:  150.0ms
2026-07-13 00:08:44,093 - simulator - INFO - [CAM-001] ONLINE | CPU:  17.5% | MEM:  25.0% | STO:  43.4% | LAT:   59.1ms
2026-07-13 00:09:02,173 - simulator - WARNING - [CAM-003] WARNING | CPU:  89.1% | MEM:  85.6% | STO:  44.6% | LAT:  134.3ms
2026-07-13 00:09:16,069 - simulator - WARNING - [CAM-002] WARNING | CPU:  88.2% | MEM:  89.5% | STO:  50.7% | LAT:  150.0ms
2026-07-13 00:09:16,177 - simulator - INFO - [CAM-001] ONLINE | CPU:  19.9% | MEM:  28.8% | STO:  45.1% | LAT:   47.2ms
2026-07-13 00:09:18,164 - simulator - WARNING - [CAM-002] 1 new alert(s) generated by API!
2026-07-13 00:09:34,249 - simulator - WARNING - [CAM-003] WARNING | CPU:  89.1% | MEM:  85.9% | STO:  45.9% | LAT:  120.0ms
2026-07-13 00:09:48,174 - simulator - WARNING - [CAM-002] WARNING | CPU:  85.7% | MEM:  91.0% | STO:  53.3% | LAT:  150.0ms
2026-07-13 00:09:48,286 - simulator - INFO - [CAM-001] ONLINE | CPU:  18.8% | MEM:  27.9% | STO:  47.4% | LAT:   37.3ms
2026-07-13 00:09:50,307 - simulator - WARNING - [CAM-002] 1 new alert(s) generated by API!
2026-07-13 00:10:06,365 - simulator - WARNING - [CAM-003] WARNING | CPU:  95.0% | MEM:  84.0% | STO:  47.9% | LAT:  133.1ms
2026-07-13 00:10:08,467 - simulator - WARNING - [CAM-003] 1 new alert(s) generated by API!
2026-07-13 00:10:20,333 - simulator - WARNING - [CAM-002] WARNING | CPU:  83.3% | MEM:  88.1% | STO:  56.0% | LAT:  150.0ms
2026-07-13 00:10:20,416 - simulator - INFO - [CAM-001] ONLINE | CPU:  23.7% | MEM:  26.2% | STO:  47.5% | LAT:   28.5ms
2026-07-13 00:10:38,480 - simulator - WARNING - [CAM-003] WARNING | CPU:  92.2% | MEM:  82.4% | STO:  47.8% | LAT:  135.8ms
2026-07-13 00:10:52,403 - simulator - WARNING - [CAM-002] WARNING | CPU:  87.2% | MEM:  91.6% | STO:  55.0% | LAT:  137.3ms
2026-07-13 00:10:52,489 - simulator - INFO - [CAM-001] ONLINE | CPU:  18.6% | MEM:  27.9% | STO:  50.1% | LAT:   13.6ms
2026-07-13 00:11:10,588 - simulator - WARNING - [CAM-003] WARNING | CPU:  91.0% | MEM:  78.6% | STO:  49.9% | LAT:  121.4ms
2026-07-13 00:11:24,517 - simulator - WARNING - [CAM-002] WARNING | CPU:  86.8% | MEM:  89.5% | STO:  56.3% | LAT:  145.0ms
2026-07-13 00:11:24,601 - simulator - INFO - [CAM-001] ONLINE | CPU:  23.5% | MEM:  25.6% | STO:  49.2% | LAT:    5.0ms
2026-07-13 00:11:42,668 - simulator - WARNING - [CAM-003] WARNING | CPU:  90.3% | MEM:  82.5% | STO:  50.2% | LAT:  123.6ms
2026-07-13 00:11:56,610 - simulator - WARNING - [CAM-002] WARNING | CPU:  92.3% | MEM:  88.5% | STO:  58.6% | LAT:  146.6ms
2026-07-13 00:11:56,686 - simulator - INFO - [CAM-001] ONLINE | CPU:  27.1% | MEM:  29.1% | STO:  46.5% | LAT:   10.9ms
2026-07-13 00:12:14,748 - simulator - WARNING - [CAM-003] WARNING | CPU:  86.2% | MEM:  79.5% | STO:  52.5% | LAT:  130.8ms
2026-07-13 00:12:28,696 - simulator - WARNING - [CAM-002] WARNING | CPU:  87.4% | MEM:  88.2% | STO:  56.6% | LAT:  137.6ms
2026-07-13 00:12:28,766 - simulator - INFO - [CAM-001] ONLINE | CPU:  32.8% | MEM:  28.3% | STO:  49.3% | LAT:   21.1ms
2026-07-13 00:12:46,861 - simulator - WARNING - [CAM-003] WARNING | CPU:  88.4% | MEM:  81.0% | STO:  53.3% | LAT:  118.0ms
2026-07-13 00:13:00,814 - simulator - WARNING - [CAM-002] WARNING | CPU:  89.9% | MEM:  86.1% | STO:  59.2% | LAT:  143.4ms
2026-07-13 00:13:00,873 - simulator - INFO - [CAM-001] ONLINE | CPU:  35.5% | MEM:  31.5% | STO:  49.1% | LAT:   31.7ms
2026-07-13 00:13:18,939 - simulator - WARNING - [CAM-003] WARNING | CPU:  84.8% | MEM:  82.2% | STO:  55.5% | LAT:  121.2ms
2026-07-13 00:13:32,905 - simulator - WARNING - [CAM-002] WARNING | CPU:  94.2% | MEM:  85.2% | STO:  57.0% | LAT:  149.9ms
2026-07-13 00:13:32,959 - simulator - INFO - [CAM-001] ONLINE | CPU:  31.1% | MEM:  28.5% | STO:  49.3% | LAT:   43.4ms
2026-07-13 00:13:51,047 - simulator - WARNING - [CAM-003] WARNING | CPU:  85.6% | MEM:  82.9% | STO:  56.9% | LAT:  126.9ms
2026-07-13 00:14:05,015 - simulator - WARNING - [CAM-002] WARNING | CPU:  95.0% | MEM:  87.1% | STO:  55.9% | LAT:  142.2ms
2026-07-13 00:14:05,073 - simulator - INFO - [CAM-001] ONLINE | CPU:  26.1% | MEM:  27.2% | STO:  51.9% | LAT:   58.1ms
2026-07-13 00:14:23,158 - simulator - WARNING - [CAM-003] WARNING | CPU:  82.7% | MEM:  85.7% | STO:  55.4% | LAT:  132.1ms
2026-07-13 00:14:37,131 - simulator - WARNING - [CAM-002] WARNING | CPU:  93.8% | MEM:  83.5% | STO:  56.7% | LAT:  135.9ms
2026-07-13 00:14:37,191 - simulator - ERROR - [CAM-001] FAULT: Disk I/O Error | CPU:  86.6% | MEM:  77.1% | STO:  51.8% | LAT:  334.6ms
2026-07-13 00:14:39,269 - simulator - WARNING - [CAM-001] 4 new alert(s) generated by API!
2026-07-13 00:14:55,266 - simulator - WARNING - [CAM-003] WARNING | CPU:  87.5% | MEM:  87.3% | STO:  52.9% | LAT:  124.5ms
2026-07-13 00:15:09,205 - simulator - WARNING - [CAM-002] WARNING | CPU:  93.0% | MEM:  81.3% | STO:  59.1% | LAT:  121.7ms
2026-07-13 00:15:09,280 - simulator - WARNING - [CAM-001] WARNING | CPU:  90.3% | MEM:  81.0% | STO:  51.3% | LAT:  150.0ms
2026-07-13 00:15:11,371 - simulator - WARNING - [CAM-001] 1 new alert(s) generated by API!
2026-07-13 00:15:27,367 - simulator - WARNING - [CAM-003] WARNING | CPU:  88.9% | MEM:  87.3% | STO:  52.4% | LAT:  137.8ms
2026-07-13 00:15:41,288 - simulator - ERROR - [CAM-002] FAULT: Firmware Crash | CPU:  90.8% | MEM:  97.1% | STO:  57.7% | LAT:  270.9ms
2026-07-13 00:15:41,383 - simulator - WARNING - [CAM-001] WARNING | CPU:  90.3% | MEM:  79.8% | STO:  49.6% | LAT:  139.6ms
2026-07-13 00:15:43,382 - simulator - WARNING - [CAM-002] 2 new alert(s) generated by API!
2026-07-13 00:15:59,470 - simulator - WARNING - [CAM-003] WARNING | CPU:  92.3% | MEM:  84.5% | STO:  53.0% | LAT:  132.5ms
2026-07-13 00:16:13,397 - simulator - WARNING - [CAM-002] WARNING | CPU:  87.5% | MEM:  95.0% | STO:  56.1% | LAT:  150.0ms
2026-07-13 00:16:13,485 - simulator - WARNING - [CAM-001] WARNING | CPU:  86.3% | MEM:  80.2% | STO:  51.1% | LAT:  133.2ms
2026-07-13 00:16:31,545 - simulator - WARNING - [CAM-003] WARNING | CPU:  86.7% | MEM:  82.4% | STO:  55.5% | LAT:  135.1ms
2026-07-13 00:16:45,524 - simulator - WARNING - [CAM-002] WARNING | CPU:  91.5% | MEM:  93.7% | STO:  55.5% | LAT:  141.4ms
2026-07-13 00:16:45,595 - simulator - WARNING - [CAM-001] WARNING | CPU:  83.2% | MEM:  81.9% | STO:  51.1% | LAT:  140.0ms
2026-07-13 00:17:03,665 - simulator - WARNING - [CAM-003] WARNING | CPU:  83.9% | MEM:  79.4% | STO:  57.6% | LAT:  144.0ms
2026-07-13 00:17:17,621 - simulator - WARNING - [CAM-002] WARNING | CPU:  86.9% | MEM:  95.0% | STO:  54.6% | LAT:  130.1ms
2026-07-13 00:17:17,691 - simulator - WARNING - [CAM-001] WARNING | CPU:  80.4% | MEM:  82.0% | STO:  52.2% | LAT:  131.9ms
2026-07-13 00:17:35,746 - simulator - WARNING - [CAM-003] WARNING | CPU:  88.3% | MEM:  75.6% | STO:  54.9% | LAT:  150.0ms
2026-07-13 00:17:49,726 - simulator - WARNING - [CAM-002] WARNING | CPU:  89.7% | MEM:  94.1% | STO:  53.7% | LAT:  139.9ms
2026-07-13 00:17:49,802 - simulator - WARNING - [CAM-001] WARNING | CPU:  75.9% | MEM:  80.8% | STO:  50.1% | LAT:  133.8ms
2026-07-13 00:18:07,858 - simulator - WARNING - [CAM-003] WARNING | CPU:  84.5% | MEM:  72.4% | STO:  52.7% | LAT:  140.0ms
2026-07-13 00:18:21,850 - simulator - WARNING - [CAM-002] WARNING | CPU:  86.6% | MEM:  90.2% | STO:  55.3% | LAT:  150.0ms
2026-07-13 00:18:21,905 - simulator - WARNING - [CAM-001] WARNING | CPU:  72.9% | MEM:  76.8% | STO:  49.1% | LAT:  143.3ms
2026-07-13 00:18:39,967 - simulator - WARNING - [CAM-003] WARNING | CPU:  78.8% | MEM:  71.2% | STO:  50.9% | LAT:  150.0ms
2026-07-13 00:18:53,931 - simulator - WARNING - [CAM-002] WARNING | CPU:  91.8% | MEM:  91.0% | STO:  55.4% | LAT:  150.0ms
2026-07-13 00:18:54,015 - simulator - WARNING - [CAM-001] WARNING | CPU:  75.9% | MEM:  78.5% | STO:  46.2% | LAT:  139.8ms
2026-07-13 00:18:56,120 - simulator - WARNING - [CAM-001] 1 new alert(s) generated by API!
2026-07-13 00:19:12,112 - simulator - INFO - [CAM-003] ONLINE | CPU:  73.3% | MEM:  70.7% | STO:  50.1% | LAT:  149.9ms
2026-07-13 00:19:26,044 - simulator - WARNING - [CAM-002] WARNING | CPU:  87.1% | MEM:  92.5% | STO:  56.9% | LAT:  150.0ms
2026-07-13 00:19:26,133 - simulator - WARNING - [CAM-001] WARNING | CPU:  73.2% | MEM:  79.1% | STO:  47.1% | LAT:  140.6ms
2026-07-13 00:19:44,232 - simulator - WARNING - [CAM-003] WARNING | CPU:  75.3% | MEM:  67.6% | STO:  49.4% | LAT:  143.2ms
2026-07-13 00:19:46,297 - simulator - WARNING - [CAM-003] 1 new alert(s) generated by API!
2026-07-13 00:19:58,128 - simulator - WARNING - [CAM-002] WARNING | CPU:  81.3% | MEM:  93.5% | STO:  56.3% | LAT:  150.0ms
2026-07-13 00:19:58,229 - simulator - WARNING - [CAM-001] WARNING | CPU:  68.1% | MEM:  81.6% | STO:  49.1% | LAT:  150.0ms
2026-07-13 00:20:16,311 - simulator - WARNING - [CAM-003] WARNING | CPU:  75.7% | MEM:  69.6% | STO:  46.8% | LAT:  144.4ms
2026-07-13 00:20:30,222 - simulator - WARNING - [CAM-002] WARNING | CPU:  76.6% | MEM:  95.0% | STO:  55.3% | LAT:  150.0ms
2026-07-13 00:20:30,314 - simulator - WARNING - [CAM-001] WARNING | CPU:  62.2% | MEM:  81.4% | STO:  49.3% | LAT:  135.2ms
2026-07-13 00:20:48,410 - simulator - WARNING - [CAM-003] WARNING | CPU:  76.2% | MEM:  65.8% | STO:  49.1% | LAT:  136.9ms
2026-07-13 00:21:02,321 - simulator - WARNING - [CAM-002] WARNING | CPU:  82.0% | MEM:  95.0% | STO:  56.4% | LAT:  150.0ms
2026-07-13 00:21:02,410 - simulator - WARNING - [CAM-001] WARNING | CPU:  58.5% | MEM:  81.4% | STO:  49.4% | LAT:  145.0ms
2026-07-13 00:21:20,515 - simulator - INFO - [CAM-003] ONLINE | CPU:  72.2% | MEM:  66.0% | STO:  47.5% | LAT:  133.3ms
2026-07-13 00:21:34,409 - simulator - WARNING - [CAM-002] WARNING | CPU:  85.5% | MEM:  95.0% | STO:  56.0% | LAT:  138.1ms
2026-07-13 00:21:34,492 - simulator - WARNING - [CAM-001] WARNING | CPU:  63.0% | MEM:  85.3% | STO:  47.5% | LAT:  150.0ms
2026-07-13 00:21:52,586 - simulator - INFO - [CAM-003] ONLINE | CPU:  70.6% | MEM:  62.4% | STO:  49.2% | LAT:  131.4ms
2026-07-13 00:22:06,502 - simulator - WARNING - [CAM-002] WARNING | CPU:  80.2% | MEM:  95.0% | STO:  58.3% | LAT:  123.5ms
2026-07-13 00:22:06,565 - simulator - WARNING - [CAM-001] WARNING | CPU:  63.2% | MEM:  85.4% | STO:  46.3% | LAT:  147.9ms
2026-07-13 00:22:24,706 - simulator - INFO - [CAM-003] ONLINE | CPU:  70.2% | MEM:  63.2% | STO:  48.1% | LAT:  135.3ms
2026-07-13 00:22:38,594 - simulator - WARNING - [CAM-002] WARNING | CPU:  78.9% | MEM:  92.1% | STO:  57.5% | LAT:  123.0ms
2026-07-13 00:22:38,685 - simulator - WARNING - [CAM-001] WARNING | CPU:  59.6% | MEM:  89.0% | STO:  46.4% | LAT:  150.0ms
2026-07-13 00:22:56,801 - simulator - INFO - [CAM-003] ONLINE | CPU:  66.5% | MEM:  65.3% | STO:  48.8% | LAT:  137.9ms
2026-07-13 00:23:10,749 - simulator - WARNING - [CAM-002] WARNING | CPU:  74.9% | MEM:  89.3% | STO:  60.4% | LAT:  120.4ms
2026-07-13 00:23:10,784 - simulator - WARNING - [CAM-001] WARNING | CPU:  60.3% | MEM:  92.0% | STO:  43.8% | LAT:  150.0ms
2026-07-13 00:23:12,885 - simulator - WARNING - [CAM-001] 1 new alert(s) generated by API!
2026-07-13 00:23:28,898 - simulator - INFO - [CAM-003] ONLINE | CPU:  71.3% | MEM:  61.4% | STO:  51.7% | LAT:  127.6ms
2026-07-13 00:23:42,849 - simulator - WARNING - [CAM-002] WARNING | CPU:  76.1% | MEM:  92.1% | STO:  60.6% | LAT:  132.0ms
2026-07-13 00:23:42,900 - simulator - WARNING - [CAM-001] WARNING | CPU:  65.2% | MEM:  94.6% | STO:  46.8% | LAT:  150.0ms
2026-07-13 00:23:44,981 - simulator - WARNING - [CAM-002] 1 new alert(s) generated by API!
2026-07-13 00:24:00,984 - simulator - INFO - [CAM-003] ONLINE | CPU:  67.7% | MEM:  59.3% | STO:  52.2% | LAT:  127.0ms
2026-07-13 00:24:15,000 - simulator - WARNING - [CAM-002] WARNING | CPU:  73.7% | MEM:  92.3% | STO:  58.2% | LAT:  123.4ms
2026-07-13 00:24:15,010 - simulator - WARNING - [CAM-001] WARNING | CPU:  66.4% | MEM:  95.0% | STO:  47.8% | LAT:  150.0ms
2026-07-13 00:24:33,085 - simulator - INFO - [CAM-003] ONLINE | CPU:  68.1% | MEM:  63.3% | STO:  49.6% | LAT:  123.1ms
2026-07-13 00:24:47,246 - simulator - WARNING - [CAM-002] WARNING | CPU:  68.5% | MEM:  92.9% | STO:  58.0% | LAT:  116.9ms
2026-07-13 00:24:47,247 - simulator - WARNING - [CAM-001] WARNING | CPU:  65.1% | MEM:  95.0% | STO:  47.9% | LAT:  150.0ms
2026-07-13 00:25:05,241 - simulator - INFO - [CAM-003] ONLINE | CPU:  71.4% | MEM:  67.0% | STO:  52.6% | LAT:  125.2ms
2026-07-13 00:25:19,352 - simulator - WARNING - [CAM-001] OFFLINE | CPU:   0.0% | MEM:   0.0% | STO:   0.0% | LAT:    0.0ms
2026-07-13 00:25:19,375 - simulator - WARNING - [CAM-002] WARNING | CPU:  74.2% | MEM:  90.7% | STO:  59.0% | LAT:  113.2ms
2026-07-13 00:25:21,473 - simulator - WARNING - [CAM-001] 1 new alert(s) generated by API!
2026-07-13 00:25:37,323 - simulator - WARNING - [CAM-003] WARNING | CPU:  75.1% | MEM:  70.0% | STO:  50.4% | LAT:  132.3ms
2026-07-13 00:25:39,421 - simulator - WARNING - [CAM-003] 1 new alert(s) generated by API!
2026-07-13 00:25:51,498 - simulator - WARNING - [CAM-001] OFFLINE | CPU:   0.0% | MEM:   0.0% | STO:   0.0% | LAT:    0.0ms
2026-07-13 00:25:51,498 - simulator - WARNING - [CAM-002] WARNING | CPU:  75.6% | MEM:  88.5% | STO:  61.7% | LAT:  121.4ms
2026-07-13 00:25:53,627 - simulator - WARNING - [CAM-002] 1 new alert(s) generated by API!
2026-07-13 00:26:09,431 - simulator - WARNING - [CAM-003] WARNING | CPU:  77.8% | MEM:  70.2% | STO:  51.3% | LAT:  125.7ms
2026-07-13 00:26:23,642 - simulator - WARNING - [CAM-002] WARNING | CPU:  79.7% | MEM:  89.3% | STO:  61.1% | LAT:  126.1ms
2026-07-13 00:26:23,653 - simulator - WARNING - [CAM-001] OFFLINE | CPU:   0.0% | MEM:   0.0% | STO:   0.0% | LAT:    0.0ms
2026-07-13 00:26:41,538 - simulator - WARNING - [CAM-003] WARNING | CPU:  79.1% | MEM:  71.9% | STO:  53.6% | LAT:  121.8ms
2026-07-13 00:26:55,749 - simulator - WARNING - [CAM-002] WARNING | CPU:  85.5% | MEM:  90.4% | STO:  59.4% | LAT:  131.9ms
2026-07-13 00:26:55,777 - simulator - WARNING - [CAM-001] OFFLINE | CPU:   0.0% | MEM:   0.0% | STO:   0.0% | LAT:    0.0ms
2026-07-13 00:27:13,642 - simulator - WARNING - [CAM-003] WARNING | CPU:  75.8% | MEM:  72.4% | STO:  54.1% | LAT:  129.9ms
2026-07-13 00:27:27,872 - simulator - WARNING - [CAM-002] WARNING | CPU:  80.5% | MEM:  87.9% | STO:  59.3% | LAT:  119.1ms
2026-07-13 00:27:27,890 - simulator - INFO - [CAM-001] ONLINE | CPU:  29.1% | MEM:  48.1% | STO:  47.5% | LAT:   22.2ms
2026-07-13 00:27:45,742 - simulator - INFO - [CAM-003] ONLINE | CPU:  74.3% | MEM:  74.5% | STO:  56.0% | LAT:  120.4ms
2026-07-13 00:27:59,985 - simulator - WARNING - [CAM-002] WARNING | CPU:  76.2% | MEM:  90.7% | STO:  59.4% | LAT:  106.3ms
2026-07-13 00:28:00,017 - simulator - INFO - [CAM-001] ONLINE | CPU:  28.1% | MEM:  48.5% | STO:  48.7% | LAT:   23.8ms
2026-07-13 00:28:17,830 - simulator - WARNING - [CAM-003] WARNING | CPU:  76.4% | MEM:  72.3% | STO:  58.1% | LAT:  119.5ms
2026-07-13 00:28:19,915 - simulator - WARNING - [CAM-003] 1 new alert(s) generated by API!
2026-07-13 00:28:32,081 - simulator - WARNING - [CAM-002] WARNING | CPU:  78.3% | MEM:  92.4% | STO:  58.8% | LAT:   94.6ms
2026-07-13 00:28:32,127 - simulator - ERROR - [CAM-001] FAULT: Disk I/O Error | CPU:  95.5% | MEM:  89.5% | STO:  46.9% | LAT:  378.8ms
2026-07-13 00:28:34,216 - simulator - WARNING - [CAM-001] 4 new alert(s) generated by API!
2026-07-13 00:28:49,925 - simulator - WARNING - [CAM-003] WARNING | CPU:  78.9% | MEM:  73.8% | STO:  57.3% | LAT:  132.1ms
2026-07-13 00:29:04,171 - simulator - WARNING - [CAM-002] WARNING | CPU:  80.8% | MEM:  95.0% | STO:  59.7% | LAT:  106.6ms
2026-07-13 00:29:04,233 - simulator - WARNING - [CAM-001] WARNING | CPU:  95.0% | MEM:  89.7% | STO:  48.4% | LAT:  150.0ms
2026-07-13 00:29:22,013 - simulator - ERROR - [CAM-003] FAULT: Power Supply Fluctuation | CPU:  98.5% | MEM:  95.1% | STO:  55.9% | LAT:  759.4ms
2026-07-13 00:29:24,099 - simulator - WARNING - [CAM-003] 4 new alert(s) generated by API!
2026-07-13 00:29:36,273 - simulator - WARNING - [CAM-002] WARNING | CPU:  82.2% | MEM:  94.7% | STO:  62.2% | LAT:   93.4ms
2026-07-13 00:29:36,341 - simulator - WARNING - [CAM-001] WARNING | CPU:  90.6% | MEM:  92.6% | STO:  47.8% | LAT:  146.4ms
2026-07-13 00:29:38,426 - simulator - WARNING - [CAM-001] 1 new alert(s) generated by API!
2026-07-13 00:29:54,112 - simulator - WARNING - [CAM-003] WARNING | CPU:  95.0% | MEM:  92.2% | STO:  55.8% | LAT:  150.0ms
2026-07-13 00:30:08,384 - simulator - WARNING - [CAM-002] WARNING | CPU:  85.5% | MEM:  95.0% | STO:  64.5% | LAT:   79.1ms
2026-07-13 00:30:08,436 - simulator - WARNING - [CAM-001] WARNING | CPU:  85.9% | MEM:  93.0% | STO:  48.1% | LAT:  149.2ms
2026-07-13 00:30:10,517 - simulator - WARNING - [CAM-001] 1 new alert(s) generated by API!
2026-07-13 00:30:26,217 - simulator - WARNING - [CAM-003] WARNING | CPU:  95.0% | MEM:  88.5% | STO:  54.9% | LAT:  149.1ms
2026-07-13 00:30:28,304 - simulator - WARNING - [CAM-003] 1 new alert(s) generated by API!
2026-07-13 00:30:40,533 - simulator - WARNING - [CAM-002] WARNING | CPU:  81.1% | MEM:  93.5% | STO:  66.3% | LAT:   72.0ms
2026-07-13 00:30:40,574 - simulator - WARNING - [CAM-001] WARNING | CPU:  86.4% | MEM:  91.4% | STO:  50.1% | LAT:  144.0ms
2026-07-13 00:30:58,314 - simulator - WARNING - [CAM-003] WARNING | CPU:  95.0% | MEM:  91.4% | STO:  52.7% | LAT:  150.0ms
2026-07-13 00:31:12,652 - simulator - WARNING - [CAM-002] WARNING | CPU:  84.9% | MEM:  90.2% | STO:  69.2% | LAT:   57.7ms
2026-07-13 00:31:12,680 - simulator - WARNING - [CAM-001] WARNING | CPU:  88.3% | MEM:  90.7% | STO:  49.8% | LAT:  135.5ms
